<?xml version="1.0" encoding="UTF-8"?>
<testng-results ignored="0" total="1" passed="1" failed="0" skipped="0">
  <reporter-output>
    <line>
      <![CDATA[Electronics       Electronics]]>
    </line>
  </reporter-output>
  <suite started-at="2023-12-15T17:07:49 IST" name="Default suite" finished-at="2023-12-15T17:08:09 IST" duration-ms="19887">
    <groups>
    </groups>
    <test started-at="2023-12-15T17:07:49 IST" name="Default test" finished-at="2023-12-15T17:08:09 IST" duration-ms="19887">
      <class name="drivenFactory.AppTest">
        <test-method signature="kickStart()[pri:0, instance:drivenFactory.AppTest@38c6f217]" started-at="2023-12-15T17:07:49 IST" name="kickStart" finished-at="2023-12-15T17:08:09 IST" duration-ms="19856" status="PASS">
          <reporter-output>
            <line>
              <![CDATA[Electronics       Electronics]]>
            </line>
          </reporter-output>
        </test-method> <!-- kickStart -->
      </class> <!-- drivenFactory.AppTest -->
    </test> <!-- Default test -->
  </suite> <!-- Default suite -->
</testng-results>
